<?xml version="1.0" encoding="UTF-8"?>
<!-- Generated by org.testng.reporters.JUnitReportReporter -->
<testsuite skipped="0" hostname="DESKTOP-N60QB27" name="tests.TestCase2" tests="2" failures="0" timestamp="2022-12-23T22:03:26 IST" time="0.038" errors="0">
  <testcase name="t2" time="0.035" classname="tests.TestCase2"/>
  <system-out/>
  <testcase name="t3" time="0.003" classname="tests.TestCase2"/>
  <system-out/>
</testsuite> <!-- tests.TestCase2 -->
